生成启动时间为 2013/10/20 15:33:04。
     1>项目“D:\Project\Test\SkinColor2\SkinColor2\SkinColor2\SkinColor2.vcxproj”在节点 2 上(build 个目标)。
     1>InitializeBuildStatus:
         正在创建“Debug\SkinColor2.unsuccessfulbuild”，因为已指定“AlwaysCreate”。
       ClCompile:
         所有输出均为最新。
         D:\Program Files-Study\Ｖisual Studio 2010\VC\bin\CL.exe /c /ZI /nologo /W3 /WX- /Od /Oy- /D WIN32 /D _DEBUG /D _CONSOLE /D _UNICODE /D UNICODE /Gm /EHsc /RTC1 /MDd /GS /fp:precise /Zc:wchar_t /Zc:forScope /Yu"StdAfx.h" /Fp"Debug\SkinColor2.pch" /Fo"Debug\\" /Fd"Debug\vc100.pdb" /Gd /TP /analyze- /errorReport:prompt SkinColor2.cpp
         SkinColor2.cpp
       ManifestResourceCompile:
         所有输出均为最新。
       Link:
         D:\Program Files-Study\Ｖisual Studio 2010\VC\bin\link.exe /ERRORREPORT:PROMPT /OUT:"D:\Project\Test\SkinColor2\SkinColor2\Debug\SkinColor2.exe" /INCREMENTAL /NOLOGO opencv_calib3d246d.lib opencv_contrib246d.lib opencv_core246d.lib opencv_features2d246d.lib opencv_flann246d.lib opencv_gpu246d.lib opencv_haartraining_engined.lib opencv_highgui246d.lib opencv_imgproc246d.lib opencv_legacy246d.lib opencv_ml246d.lib opencv_nonfree246d.lib opencv_objdetect246d.lib opencv_photo246d.lib opencv_stitching246d.lib opencv_superres246d.lib opencv_ts246d.lib opencv_video246d.lib opencv_videostab246d.lib kernel32.lib user32.lib gdi32.lib winspool.lib comdlg32.lib advapi32.lib shell32.lib ole32.lib oleaut32.lib uuid.lib odbc32.lib odbccp32.lib /MANIFEST /ManifestFile:"Debug\SkinColor2.exe.intermediate.manifest" /MANIFESTUAC:"level='asInvoker' uiAccess='false'" /DEBUG /PDB:"D:\Project\Test\SkinColor2\SkinColor2\Debug\SkinColor2.pdb" /SUBSYSTEM:CONSOLE /TLBID:1 /DYNAMICBASE /NXCOMPAT /IMPLIB:"D:\Project\Test\SkinColor2\SkinColor2\Debug\SkinColor2.lib" /MACHINE:X86 Debug\SkinColor2.exe.embed.manifest.res
         Debug\SkinColor2.obj
         Debug\stdafx.obj
       Manifest:
         C:\Program Files (x86)\Microsoft SDKs\Windows\v7.0A\bin\mt.exe /nologo /verbose /out:"Debug\SkinColor2.exe.embed.manifest" /manifest Debug\SkinColor2.exe.intermediate.manifest
         所有输出均为最新。
       LinkEmbedManifest:
         所有输出均为最新。
         SkinColor2.vcxproj -> D:\Project\Test\SkinColor2\SkinColor2\Debug\SkinColor2.exe
       FinalizeBuildStatus:
         正在删除文件“Debug\SkinColor2.unsuccessfulbuild”。
         正在对“Debug\SkinColor2.lastbuildstate”执行 Touch 任务。
     1>已完成生成项目“D:\Project\Test\SkinColor2\SkinColor2\SkinColor2\SkinColor2.vcxproj”(build 个目标)的操作。

生成成功。

已用时间 00:00:01.50
